<?xml version="1.0" encoding="UTF-8"?>
<!-- Generated by org.testng.reporters.JUnitXMLReporter -->
<testsuite hostname="DESKTOP-FGVV9N0" ignored="1" name="Personal Loan" tests="2" failures="0" timestamp="2020-06-20T23:57:57 EDT" time="0.032" errors="0">
  <testcase name="test1" time="0.003" classname="com.testng.Class1"/>
  <testcase name="personalLoan" time="0.001" classname="com.testng.Class2"/>
  <testcase name="test2" time="0.0" classname="com.testng.Class1">
    <ignored/>
  </testcase> <!-- test2 -->
</testsuite> <!-- Personal Loan -->
